
> dhikr@0.1.0 build
> next build

▲ Next.js 16.2.2 (Turbopack)

  Creating an optimized production build ...
✓ Compiled successfully in 1618ms
  Running TypeScript ...
  Finished TypeScript in 2.3s ...
  Collecting page data using 10 workers ...
  Generating static pages using 10 workers (0/122) ...
  Generating static pages using 10 workers (30/122) 
  Generating static pages using 10 workers (60/122) 
  Generating static pages using 10 workers (91/122) 
✓ Generating static pages using 10 workers (122/122) in 966ms
  Finalizing page optimization ...

Route (app)
┌ ○ /
├ ○ /_not-found
├ ○ /analytics
├ ○ /duas
├ ○ /quran
├ ● /quran/[id]
│ ├ /quran/1
│ ├ /quran/2
│ ├ /quran/3
│ └ [+111 more paths]
└ ○ /settings


○  (Static)  prerendered as static content
●  (SSG)     prerendered as static HTML (uses generateStaticParams)

